2023-10-03 21:21:09,609 - INFO - 2023-10-03 20:21:09 UTC - Command 'register_developer' invoked by lunafy in Coder'Z Expert'Z & Custom'Z#bot-commands
2023-10-03 21:21:10,052 - INFO - 2023-10-03 20:21:10 UTC - Command 'register_developer' invoked by lunafy in Coder'Z Expert'Z & Custom'Z#bot-commands - Error: Command raised an exception: Forbidden: 403 Forbidden (error code: 50007): Cannot send messages to this user
2023-10-03 21:21:34,972 - INFO - 2023-10-03 20:21:34 UTC - Command 'register_developer' invoked by lunafy in Coder'Z Expert'Z & Custom'Z#bot-commands
2023-10-03 21:21:59,371 - INFO - 2023-10-03 20:21:59 UTC - Command 'register_developer' invoked by breathdev in Coder'Z Expert'Z & Custom'Z#bot-commands
2023-10-03 21:23:18,980 - INFO - 2023-10-03 20:23:18 UTC - Command 'available' invoked by lunafy in Coder'Z Expert'Z & Custom'Z#bot-commands
2023-10-03 21:24:11,301 - INFO - 2023-10-03 20:24:11 UTC - Command 'admin_manage' invoked by breathdev in Coder'Z Expert'Z & Custom'Z#bot-commands
2023-10-03 21:24:11,301 - INFO - 2023-10-03 20:24:11 UTC - Command 'admin_manage' invoked by breathdev in Coder'Z Expert'Z & Custom'Z#bot-commands - Error: userID is a required argument that is missing.
2023-10-03 21:24:39,510 - INFO - 2023-10-03 20:24:39 UTC - Command 'admin_manage' invoked by breathdev in Coder'Z Expert'Z & Custom'Z#bot-commands
2023-10-03 21:40:15,178 - INFO - 2023-10-03 20:40:15 UTC - Command 'available' invoked by breathdev in Coder'Z Expert'Z & Custom'Z#bot-commands
2023-10-03 21:51:18,713 - INFO - 2023-10-03 20:51:18 UTC - Command 'register_developer' invoked by Luckypunck in Coder'Z Expert'Z & Custom'Z#bot-commands
2023-10-03 21:51:28,806 - INFO - 2023-10-03 20:51:28 UTC - Command 'available' invoked by Luckypunck in Coder'Z Expert'Z & Custom'Z#bot-commands
2023-10-03 21:53:19,553 - INFO - 2023-10-03 20:53:19 UTC - Command 'register_developer' invoked by Luckypunck in Coder'Z Expert'Z & Custom'Z#bot-commands - Error: Command raised an exception: TimeoutError: 
2023-10-04 20:17:06,572 - INFO - 2023-10-04 19:17:06 UTC - Command 'unavailable' invoked by breathdev in Coder'Z Expert'Z & Custom'Z#bot-commands
2023-10-04 20:17:21,241 - INFO - 2023-10-04 19:17:21 UTC - Command 'available' invoked by breathdev in Coder'Z Expert'Z & Custom'Z#bot-commands
2023-10-04 22:19:22,658 - INFO - 2023-10-04 21:19:22 UTC - Command 'admin_roles' invoked by breathdev in Coder'Z Expert'Z & Custom'Z#general-office
2023-10-04 22:19:22,658 - INFO - 2023-10-04 21:19:22 UTC - Command 'admin_roles' invoked by breathdev in Coder'Z Expert'Z & Custom'Z#general-office - Error: Command raised an exception: TypeError: Embed.__init__() got an unexpected keyword argument 'descriptions'
2023-10-04 22:20:00,267 - INFO - 2023-10-04 21:20:00 UTC - Command 'admin_roles' invoked by breathdev in Coder'Z Expert'Z & Custom'Z#general-office
2023-10-04 22:20:00,268 - INFO - 2023-10-04 21:20:00 UTC - Command 'admin_roles' invoked by breathdev in Coder'Z Expert'Z & Custom'Z#general-office - Error: Command raised an exception: TypeError: Embed.__init__() got an unexpected keyword argument 'descriptions'
2023-10-04 22:21:26,354 - INFO - 2023-10-04 21:21:26 UTC - Command 'admin_roles' invoked by breathdev in Coder'Z Expert'Z & Custom'Z#general-office
2023-10-04 22:21:26,600 - INFO - 2023-10-04 21:21:26 UTC - Command 'admin_roles' invoked by breathdev in Coder'Z Expert'Z & Custom'Z#general-office - Error: Command raised an exception: TypeError: ReactionRoles.on_reaction_add() missing 2 required positional arguments: 'reaction' and 'user'
2023-10-04 22:23:17,080 - INFO - 2023-10-04 21:23:17 UTC - Command 'admin_roles' invoked by breathdev in Coder'Z Expert'Z & Custom'Z#general-office
2023-10-04 22:23:17,080 - INFO - 2023-10-04 21:23:17 UTC - Command 'admin_roles' invoked by breathdev in Coder'Z Expert'Z & Custom'Z#general-office - Error: Command raised an exception: TypeError: Embed.add_field() missing 1 required keyword-only argument: 'value'
2023-10-04 22:24:45,216 - INFO - 2023-10-04 21:24:45 UTC - Command 'admin_roles' invoked by breathdev in Coder'Z Expert'Z & Custom'Z#general-office
2023-10-04 22:24:45,476 - INFO - 2023-10-04 21:24:45 UTC - Command 'admin_roles' invoked by breathdev in Coder'Z Expert'Z & Custom'Z#general-office - Error: Command raised an exception: TypeError: ReactionRoles.on_reaction_add() missing 2 required positional arguments: 'reaction' and 'user'
2023-10-04 22:51:04,427 - INFO - 2023-10-04 21:51:04 UTC - Command 'admin_roles' invoked by breathdev in Coder'Z Expert'Z & Custom'Z#general-office
2023-10-04 22:51:05,115 - INFO - 2023-10-04 21:51:05 UTC - Command 'admin_roles' invoked by breathdev in Coder'Z Expert'Z & Custom'Z#general-office - Error: Command raised an exception: TypeError: ReactionRoles.on_reaction_add() missing 2 required positional arguments: 'reaction' and 'user'
2023-10-04 22:54:35,369 - INFO - 2023-10-04 21:54:35 UTC - Command 'admin_roles' invoked by breathdev in Coder'Z Expert'Z & Custom'Z#general-office
2023-10-04 22:54:36,006 - INFO - 2023-10-04 21:54:36 UTC - Command 'admin_roles' invoked by breathdev in Coder'Z Expert'Z & Custom'Z#general-office - Error: Command raised an exception: TypeError: ReactionRoles.on_reaction_add() missing 2 required positional arguments: 'reaction' and 'user'
2023-10-04 23:07:32,508 - INFO - 2023-10-04 22:07:32 UTC - Command 'admin_roles' invoked by breathdev in Coder'Z Expert'Z & Custom'Z#general-office
2023-10-04 23:07:33,063 - INFO - 2023-10-04 22:07:33 UTC - Command 'admin_roles' invoked by breathdev in Coder'Z Expert'Z & Custom'Z#general-office - Error: Command raised an exception: TypeError: ReactionRoles.on_reaction_add() missing 2 required positional arguments: 'reaction' and 'user'
2023-10-04 23:12:02,347 - INFO - 2023-10-04 22:12:02 UTC - Command 'admin_roles' invoked by breathdev in Coder'Z Expert'Z & Custom'Z#roles
2023-10-04 23:12:13,403 - INFO - 2023-10-04 22:12:13 UTC - Command 'admin_roles' invoked by breathdev in Coder'Z Expert'Z & Custom'Z#roles - Error: Command raised an exception: TypeError: ReactionRoles.on_reaction_add() missing 2 required positional arguments: 'reaction' and 'user'
2023-10-04 23:15:25,601 - INFO - 2023-10-04 22:15:25 UTC - Command 'admin_roles' invoked by breathdev in Coder'Z Expert'Z & Custom'Z#roles
2023-10-04 23:15:36,699 - INFO - 2023-10-04 22:15:36 UTC - Command 'admin_roles' invoked by breathdev in Coder'Z Expert'Z & Custom'Z#roles - Error: Command raised an exception: TypeError: ReactionRoles.on_reaction_add() missing 2 required positional arguments: 'reaction' and 'user'
2023-10-04 23:19:39,932 - INFO - 2023-10-04 22:19:39 UTC - Command 'admin_roles' invoked by breathdev in Coder'Z Expert'Z & Custom'Z#roles
2023-10-04 23:19:50,686 - INFO - 2023-10-04 22:19:50 UTC - Command 'admin_roles' invoked by breathdev in Coder'Z Expert'Z & Custom'Z#roles - Error: Command raised an exception: TypeError: ReactionRoles.on_reaction_add() missing 2 required positional arguments: 'reaction' and 'user'
2023-10-04 23:20:59,674 - INFO - 2023-10-04 22:20:59 UTC - Command 'admin_roles' invoked by breathdev in Coder'Z Expert'Z & Custom'Z#roles
2023-10-04 23:21:09,641 - INFO - 2023-10-04 22:21:09 UTC - Command 'admin_roles' invoked by breathdev in Coder'Z Expert'Z & Custom'Z#roles - Error: Command raised an exception: TypeError: ReactionRoles.on_reaction_add() missing 2 required positional arguments: 'reaction' and 'user'
2023-10-04 23:24:57,943 - INFO - 2023-10-04 22:24:57 UTC - Command 'admin_roles' invoked by breathdev in Coder'Z Expert'Z & Custom'Z#roles
2023-10-04 23:26:07,260 - INFO - 2023-10-04 22:26:07 UTC - Command 'admin_roles' invoked by breathdev in Coder'Z Expert'Z & Custom'Z#roles
2023-10-04 23:29:48,790 - INFO - 2023-10-04 22:29:48 UTC - Command 'admin_roles' invoked by breathdev in Coder'Z Expert'Z & Custom'Z#roles
2023-10-05 13:13:58,087 - INFO - 2023-10-05 12:13:58 UTC - Command 'ask' invoked by breathdev in Coder'Z Expert'Z & Custom'Z#general-office
2023-10-05 13:13:58,090 - INFO - 2023-10-05 12:13:58 UTC - Command 'ask' invoked by breathdev in Coder'Z Expert'Z & Custom'Z#general-office - Error: Command raised an exception: RateLimitError: You exceeded your current quota, please check your plan and billing details.
2023-10-05 21:58:54,523 - INFO - 2023-10-05 20:58:54 UTC - Command 'register_developer' invoked by jimmy89 in Coder'Z Expert'Z & Custom'Z#bot-commands
